Determining if the pthread_create exist failed with the following output:
Change Dir: /home/gary/thread_jim/build/CMakeFiles/CMakeTmp

Run Build Command:/usr/bin/make "cmTryCompileExec638904138/fast"
make[1]: Entering directory `/home/gary/thread_jim/build/CMakeFiles/CMakeTmp'
/usr/bin/make -f CMakeFiles/cmTryCompileExec638904138.dir/build.make CMakeFiles/cmTryCompileExec638904138.dir/build
make[2]: Entering directory `/home/gary/thread_jim/build/CMakeFiles/CMakeTmp'
/usr/bin/cmake -E cmake_progress_report /home/gary/thread_jim/build/CMakeFiles/CMakeTmp/CMakeFiles 1
Building C object CMakeFiles/cmTryCompileExec638904138.dir/CheckSymbolExists.c.o
/usr/bin/cc    -o CMakeFiles/cmTryCompileExec638904138.dir/CheckSymbolExists.c.o   -c /home/gary/thread_jim/build/CMakeFiles/CMakeTmp/CheckSymbolExists.c
Linking C executable cmTryCompileExec638904138
/usr/bin/cmake -E cmake_link_script CMakeFiles/cmTryCompileExec638904138.dir/link.txt --verbose=1
/usr/bin/cc       CMakeFiles/cmTryCompileExec638904138.dir/CheckSymbolExists.c.o  -o cmTryCompileExec638904138 -rdynamic 
CMakeFiles/cmTryCompileExec638904138.dir/CheckSymbolExists.c.o: In function `main':
CheckSymbolExists.c:(.text+0x16): undefined reference to `pthread_create'
collect2: error: ld returned 1 exit status
make[2]: *** [cmTryCompileExec638904138] Error 1
make[2]: Leaving directory `/home/gary/thread_jim/build/CMakeFiles/CMakeTmp'
make[1]: *** [cmTryCompileExec638904138/fast] Error 2
make[1]: Leaving directory `/home/gary/thread_jim/build/CMakeFiles/CMakeTmp'

File /home/gary/thread_jim/build/CMakeFiles/CMakeTmp/CheckSymbolExists.c:
/* */
#include <pthread.h>

int main(int argc, char** argv)
{
  (void)argv;
#ifndef pthread_create
  return ((int*)(&pthread_create))[argc];
#else
  (void)argc;
  return 0;
#endif
}

Determining if the function pthread_create exists in the pthreads failed with the following output:
Change Dir: /home/gary/thread_jim/build/CMakeFiles/CMakeTmp

Run Build Command:/usr/bin/make "cmTryCompileExec2889743302/fast"
make[1]: Entering directory `/home/gary/thread_jim/build/CMakeFiles/CMakeTmp'
/usr/bin/make -f CMakeFiles/cmTryCompileExec2889743302.dir/build.make CMakeFiles/cmTryCompileExec2889743302.dir/build
make[2]: Entering directory `/home/gary/thread_jim/build/CMakeFiles/CMakeTmp'
/usr/bin/cmake -E cmake_progress_report /home/gary/thread_jim/build/CMakeFiles/CMakeTmp/CMakeFiles 1
Building C object CMakeFiles/cmTryCompileExec2889743302.dir/CheckFunctionExists.c.o
/usr/bin/cc   -DCHECK_FUNCTION_EXISTS=pthread_create   -o CMakeFiles/cmTryCompileExec2889743302.dir/CheckFunctionExists.c.o   -c /usr/share/cmake-2.8/Modules/CheckFunctionExists.c
Linking C executable cmTryCompileExec2889743302
/usr/bin/cmake -E cmake_link_script CMakeFiles/cmTryCompileExec2889743302.dir/link.txt --verbose=1
/usr/bin/cc   -DCHECK_FUNCTION_EXISTS=pthread_create    CMakeFiles/cmTryCompileExec2889743302.dir/CheckFunctionExists.c.o  -o cmTryCompileExec2889743302 -rdynamic -lpthreads 
/usr/bin/ld: cannot find -lpthreads
collect2: error: ld returned 1 exit status
make[2]: *** [cmTryCompileExec2889743302] Error 1
make[2]: Leaving directory `/home/gary/thread_jim/build/CMakeFiles/CMakeTmp'
make[1]: *** [cmTryCompileExec2889743302/fast] Error 2
make[1]: Leaving directory `/home/gary/thread_jim/build/CMakeFiles/CMakeTmp'


